N E X T F L O W  ~  version 23.04.1
Launching `main.nf` [crazy_saha] DSL2 - revision: 6b7c983482
[-        ] process > PROBAND:FASTQTOSAM  -
[-        ] process > PROBAND:SAMTOBAM    -
[-        ] process > PROBAND:SORTEDBAM   -
[-        ] process > PROBAND:INDEXEDBAM  -
[-        ] process > PROBAND:DEEPVARIANT -
[-        ] process > MOTHER:FASTQTOSAM   -
[-        ] process > MOTHER:SAMTOBAM     -
[-        ] process > MOTHER:SORTEDBAM    -
[-        ] process > MOTHER:INDEXEDBAM   -
[-        ] process > MOTHER:DEEPVARIANT  -
[-        ] process > FATHER:FASTQTOSAM   -
[-        ] process > FATHER:SAMTOBAM     -
[-        ] process > FATHER:SORTEDBAM    -
[-        ] process > FATHER:INDEXEDBAM   -
[-        ] process > FATHER:DEEPVARIANT  -
[-        ] process > GLNEXUS             -
[-        ] process > GLNEXUS2            -
[-        ] process > EXOMISER            -
WARN: There's no process matching config selector: REFGENOME

[-        ] process > PROBAND:FASTQTOSAM  -
[-        ] process > PROBAND:SAMTOBAM    -
[-        ] process > PROBAND:SORTEDBAM   -
[-        ] process > PROBAND:INDEXEDBAM  -
[-        ] process > PROBAND:DEEPVARIANT -
[-        ] process > MOTHER:FASTQTOSAM   -
[-        ] process > MOTHER:SAMTOBAM     -
[-        ] process > MOTHER:SORTEDBAM    -
[-        ] process > MOTHER:INDEXEDBAM   -
[-        ] process > MOTHER:DEEPVARIANT  -
[-        ] process > FATHER:FASTQTOSAM   -
[-        ] process > FATHER:SAMTOBAM     -
[-        ] process > FATHER:SORTEDBAM    -
[-        ] process > FATHER:INDEXEDBAM   -
[-        ] process > FATHER:DEEPVARIANT  -
[-        ] process > GLNEXUS             -
[-        ] process > GLNEXUS2            -
[-        ] process > EXOMISER            -
Creating env using conda: scripts/GenomeAnalysisGAM.yml [cache /mnt/common/Precision/NextFlow/kiana_nextflow_pipeline/nextflow_pipeline/work/conda/GenomeAnalysisGAM-3aecf9a7e8a0d459abe8df30eae47af6]
WARN: There's no process matching config selector: REFGENOME

[-        ] process > PROBAND:FASTQTOSAM  [  0%] 0 of 1
[-        ] process > PROBAND:SAMTOBAM    -
[-        ] process > PROBAND:SORTEDBAM   -
[-        ] process > PROBAND:INDEXEDBAM  -
[-        ] process > PROBAND:DEEPVARIANT -
[-        ] process > MOTHER:FASTQTOSAM   [  0%] 0 of 1
[-        ] process > MOTHER:SAMTOBAM     -
[-        ] process > MOTHER:SORTEDBAM    -
[-        ] process > MOTHER:INDEXEDBAM   -
[-        ] process > MOTHER:DEEPVARIANT  -
[-        ] process > FATHER:FASTQTOSAM   [  0%] 0 of 1
[-        ] process > FATHER:SAMTOBAM     -
[-        ] process > FATHER:SORTEDBAM    -
[-        ] process > FATHER:INDEXEDBAM   -
[-        ] process > FATHER:DEEPVARIANT  -
[-        ] process > GLNEXUS             -
[-        ] process > GLNEXUS2            -
[-        ] process > EXOMISER            -



executor >  slurm (3)
[de/c67d74] process > PROBAND:FASTQTOSAM  [  0%] 0 of 1
[-        ] process > PROBAND:SAMTOBAM    -
[-        ] process > PROBAND:SORTEDBAM   -
[-        ] process > PROBAND:INDEXEDBAM  -
[-        ] process > PROBAND:DEEPVARIANT -
[18/f292e1] process > MOTHER:FASTQTOSAM   [  0%] 0 of 1
[-        ] process > MOTHER:SAMTOBAM     -
[-        ] process > MOTHER:SORTEDBAM    -
[-        ] process > MOTHER:INDEXEDBAM   -
[-        ] process > MOTHER:DEEPVARIANT  -
[96/495dc1] process > FATHER:FASTQTOSAM   [  0%] 0 of 1
[-        ] process > FATHER:SAMTOBAM     -
[-        ] process > FATHER:SORTEDBAM    -
[-        ] process > FATHER:INDEXEDBAM   -
[-        ] process > FATHER:DEEPVARIANT  -
[-        ] process > GLNEXUS             -
[-        ] process > GLNEXUS2            -
[-        ] process > EXOMISER            -


executor >  slurm (3)
[de/c67d74] process > PROBAND:FASTQTOSAM  [  0%] 0 of 1
[-        ] process > PROBAND:SAMTOBAM    -
[-        ] process > PROBAND:SORTEDBAM   -
[-        ] process > PROBAND:INDEXEDBAM  -
[-        ] process > PROBAND:DEEPVARIANT -
[18/f292e1] process > MOTHER:FASTQTOSAM   [  0%] 0 of 1
[-        ] process > MOTHER:SAMTOBAM     -
[-        ] process > MOTHER:SORTEDBAM    -
[-        ] process > MOTHER:INDEXEDBAM   -
[-        ] process > MOTHER:DEEPVARIANT  -
[96/495dc1] process > FATHER:FASTQTOSAM   [  0%] 0 of 1
[-        ] process > FATHER:SAMTOBAM     -
[-        ] process > FATHER:SORTEDBAM    -
[-        ] process > FATHER:INDEXEDBAM   -
[-        ] process > FATHER:DEEPVARIANT  -
[-        ] process > GLNEXUS             -
[-        ] process > GLNEXUS2            -
[-        ] process > EXOMISER            -

executor >  slurm (5)
[de/c67d74] process > PROBAND:FASTQTOSAM  [100%] 1 of 1 ✔
[b8/4c66f7] process > PROBAND:SAMTOBAM    [  0%] 0 of 1
[-        ] process > PROBAND:SORTEDBAM   -
[-        ] process > PROBAND:INDEXEDBAM  -
[-        ] process > PROBAND:DEEPVARIANT -
[18/f292e1] process > MOTHER:FASTQTOSAM   [  0%] 0 of 1
[-        ] process > MOTHER:SAMTOBAM     -
[-        ] process > MOTHER:SORTEDBAM    -
[-        ] process > MOTHER:INDEXEDBAM   -
[-        ] process > MOTHER:DEEPVARIANT  -
[96/495dc1] process > FATHER:FASTQTOSAM   [100%] 1 of 1 ✔
[40/fe7786] process > FATHER:SAMTOBAM     [  0%] 0 of 1
[-        ] process > FATHER:SORTEDBAM    -
[-        ] process > FATHER:INDEXEDBAM   -
[-        ] process > FATHER:DEEPVARIANT  -
[-        ] process > GLNEXUS             -
[-        ] process > GLNEXUS2            -
[-        ] process > EXOMISER            -

executor >  slurm (5)
[de/c67d74] process > PROBAND:FASTQTOSAM  [100%] 1 of 1 ✔
[b8/4c66f7] process > PROBAND:SAMTOBAM    [  0%] 0 of 1
[-        ] process > PROBAND:SORTEDBAM   -
[-        ] process > PROBAND:INDEXEDBAM  -
[-        ] process > PROBAND:DEEPVARIANT -
[18/f292e1] process > MOTHER:FASTQTOSAM   [100%] 1 of 1 ✔
[-        ] process > MOTHER:SAMTOBAM     [  0%] 0 of 1
[-        ] process > MOTHER:SORTEDBAM    -
[-        ] process > MOTHER:INDEXEDBAM   -
[-        ] process > MOTHER:DEEPVARIANT  -
[96/495dc1] process > FATHER:FASTQTOSAM   [100%] 1 of 1 ✔
[40/fe7786] process > FATHER:SAMTOBAM     [100%] 1 of 1 ✔
[-        ] process > FATHER:SORTEDBAM    -
[-        ] process > FATHER:INDEXEDBAM   -
[-        ] process > FATHER:DEEPVARIANT  -
[-        ] process > GLNEXUS             -
[-        ] process > GLNEXUS2            -
[-        ] process > EXOMISER            -

executor >  slurm (8)
[de/c67d74] process > PROBAND:FASTQTOSAM  [100%] 1 of 1 ✔
[b8/4c66f7] process > PROBAND:SAMTOBAM    [100%] 1 of 1 ✔
[b8/ca588d] process > PROBAND:SORTEDBAM   [  0%] 0 of 1
[-        ] process > PROBAND:INDEXEDBAM  -
[-        ] process > PROBAND:DEEPVARIANT -
[18/f292e1] process > MOTHER:FASTQTOSAM   [100%] 1 of 1 ✔
[41/d5b9fd] process > MOTHER:SAMTOBAM     [  0%] 0 of 1
[-        ] process > MOTHER:SORTEDBAM    -
[-        ] process > MOTHER:INDEXEDBAM   -
[-        ] process > MOTHER:DEEPVARIANT  -
[96/495dc1] process > FATHER:FASTQTOSAM   [100%] 1 of 1 ✔
[40/fe7786] process > FATHER:SAMTOBAM     [100%] 1 of 1 ✔
[db/501c6f] process > FATHER:SORTEDBAM    [  0%] 0 of 1
[-        ] process > FATHER:INDEXEDBAM   -
[-        ] process > FATHER:DEEPVARIANT  -
[-        ] process > GLNEXUS             -
[-        ] process > GLNEXUS2            -
[-        ] process > EXOMISER            -

executor >  slurm (8)
[de/c67d74] process > PROBAND:FASTQTOSAM  [100%] 1 of 1 ✔
[b8/4c66f7] process > PROBAND:SAMTOBAM    [100%] 1 of 1 ✔
[b8/ca588d] process > PROBAND:SORTEDBAM   [100%] 1 of 1 ✔
[-        ] process > PROBAND:INDEXEDBAM  -
[-        ] process > PROBAND:DEEPVARIANT -
[18/f292e1] process > MOTHER:FASTQTOSAM   [100%] 1 of 1 ✔
[41/d5b9fd] process > MOTHER:SAMTOBAM     [100%] 1 of 1 ✔
[-        ] process > MOTHER:SORTEDBAM    [  0%] 0 of 1
[-        ] process > MOTHER:INDEXEDBAM   -
[-        ] process > MOTHER:DEEPVARIANT  -
[96/495dc1] process > FATHER:FASTQTOSAM   [100%] 1 of 1 ✔
[40/fe7786] process > FATHER:SAMTOBAM     [100%] 1 of 1 ✔
[db/501c6f] process > FATHER:SORTEDBAM    [100%] 1 of 1 ✔
[-        ] process > FATHER:INDEXEDBAM   [  0%] 0 of 1
[-        ] process > FATHER:DEEPVARIANT  -
[-        ] process > GLNEXUS             -
[-        ] process > GLNEXUS2            -
[-        ] process > EXOMISER            -

executor >  slurm (11)
[de/c67d74] process > PROBAND:FASTQTOSAM  [100%] 1 of 1 ✔
[b8/4c66f7] process > PROBAND:SAMTOBAM    [100%] 1 of 1 ✔
[b8/ca588d] process > PROBAND:SORTEDBAM   [100%] 1 of 1 ✔
[00/143a54] process > PROBAND:INDEXEDBAM  [  0%] 0 of 1
[-        ] process > PROBAND:DEEPVARIANT -
[18/f292e1] process > MOTHER:FASTQTOSAM   [100%] 1 of 1 ✔
[41/d5b9fd] process > MOTHER:SAMTOBAM     [100%] 1 of 1 ✔
[d5/78e0c3] process > MOTHER:SORTEDBAM    [  0%] 0 of 1
[-        ] process > MOTHER:INDEXEDBAM   -
[-        ] process > MOTHER:DEEPVARIANT  -
[96/495dc1] process > FATHER:FASTQTOSAM   [100%] 1 of 1 ✔
[40/fe7786] process > FATHER:SAMTOBAM     [100%] 1 of 1 ✔
[db/501c6f] process > FATHER:SORTEDBAM    [100%] 1 of 1 ✔
[22/fe27df] process > FATHER:INDEXEDBAM   [  0%] 0 of 1
[-        ] process > FATHER:DEEPVARIANT  -
[-        ] process > GLNEXUS             -
[-        ] process > GLNEXUS2            -
[-        ] process > EXOMISER            -

executor >  slurm (11)
[de/c67d74] process > PROBAND:FASTQTOSAM  [100%] 1 of 1 ✔
[b8/4c66f7] process > PROBAND:SAMTOBAM    [100%] 1 of 1 ✔
[b8/ca588d] process > PROBAND:SORTEDBAM   [100%] 1 of 1 ✔
[00/143a54] process > PROBAND:INDEXEDBAM  [100%] 1 of 1 ✔
[-        ] process > PROBAND:DEEPVARIANT -
[18/f292e1] process > MOTHER:FASTQTOSAM   [100%] 1 of 1 ✔
[41/d5b9fd] process > MOTHER:SAMTOBAM     [100%] 1 of 1 ✔
[d5/78e0c3] process > MOTHER:SORTEDBAM    [100%] 1 of 1 ✔
[-        ] process > MOTHER:INDEXEDBAM   [  0%] 0 of 1
[-        ] process > MOTHER:DEEPVARIANT  -
[96/495dc1] process > FATHER:FASTQTOSAM   [100%] 1 of 1 ✔
[40/fe7786] process > FATHER:SAMTOBAM     [100%] 1 of 1 ✔
[db/501c6f] process > FATHER:SORTEDBAM    [100%] 1 of 1 ✔
[22/fe27df] process > FATHER:INDEXEDBAM   [100%] 1 of 1 ✔
[-        ] process > FATHER:DEEPVARIANT  -
[-        ] process > GLNEXUS             -
[-        ] process > GLNEXUS2            -
[-        ] process > EXOMISER            -

executor >  slurm (14)
[de/c67d74] process > PROBAND:FASTQTOSAM  [100%] 1 of 1 ✔
[b8/4c66f7] process > PROBAND:SAMTOBAM    [100%] 1 of 1 ✔
[b8/ca588d] process > PROBAND:SORTEDBAM   [100%] 1 of 1 ✔
[00/143a54] process > PROBAND:INDEXEDBAM  [100%] 1 of 1 ✔
[f2/d11914] process > PROBAND:DEEPVARIANT [  0%] 0 of 1
[18/f292e1] process > MOTHER:FASTQTOSAM   [100%] 1 of 1 ✔
[41/d5b9fd] process > MOTHER:SAMTOBAM     [100%] 1 of 1 ✔
[d5/78e0c3] process > MOTHER:SORTEDBAM    [100%] 1 of 1 ✔
[56/c657a4] process > MOTHER:INDEXEDBAM   [  0%] 0 of 1
[-        ] process > MOTHER:DEEPVARIANT  -
[96/495dc1] process > FATHER:FASTQTOSAM   [100%] 1 of 1 ✔
[40/fe7786] process > FATHER:SAMTOBAM     [100%] 1 of 1 ✔
[db/501c6f] process > FATHER:SORTEDBAM    [100%] 1 of 1 ✔
[22/fe27df] process > FATHER:INDEXEDBAM   [100%] 1 of 1 ✔
[0e/1dd5ff] process > FATHER:DEEPVARIANT  [  0%] 0 of 1
[-        ] process > GLNEXUS             -
[-        ] process > GLNEXUS2            -
[-        ] process > EXOMISER            -

executor >  slurm (14)
[de/c67d74] process > PROBAND:FASTQTOSAM  [100%] 1 of 1 ✔
[b8/4c66f7] process > PROBAND:SAMTOBAM    [100%] 1 of 1 ✔
[b8/ca588d] process > PROBAND:SORTEDBAM   [100%] 1 of 1 ✔
[00/143a54] process > PROBAND:INDEXEDBAM  [100%] 1 of 1 ✔
[f2/d11914] process > PROBAND:DEEPVARIANT [  0%] 0 of 1
[18/f292e1] process > MOTHER:FASTQTOSAM   [100%] 1 of 1 ✔
[41/d5b9fd] process > MOTHER:SAMTOBAM     [100%] 1 of 1 ✔
[d5/78e0c3] process > MOTHER:SORTEDBAM    [100%] 1 of 1 ✔
[56/c657a4] process > MOTHER:INDEXEDBAM   [100%] 1 of 1 ✔
[-        ] process > MOTHER:DEEPVARIANT  [  0%] 0 of 1
[96/495dc1] process > FATHER:FASTQTOSAM   [100%] 1 of 1 ✔
[40/fe7786] process > FATHER:SAMTOBAM     [100%] 1 of 1 ✔
[db/501c6f] process > FATHER:SORTEDBAM    [100%] 1 of 1 ✔
[22/fe27df] process > FATHER:INDEXEDBAM   [100%] 1 of 1 ✔
[0e/1dd5ff] process > FATHER:DEEPVARIANT  [  0%] 0 of 1
[-        ] process > GLNEXUS             -
[-        ] process > GLNEXUS2            -
[-        ] process > EXOMISER            -

executor >  slurm (15)
[de/c67d74] process > PROBAND:FASTQTOSAM  [100%] 1 of 1 ✔
[b8/4c66f7] process > PROBAND:SAMTOBAM    [100%] 1 of 1 ✔
[b8/ca588d] process > PROBAND:SORTEDBAM   [100%] 1 of 1 ✔
[00/143a54] process > PROBAND:INDEXEDBAM  [100%] 1 of 1 ✔
[f2/d11914] process > PROBAND:DEEPVARIANT [  0%] 0 of 1
[18/f292e1] process > MOTHER:FASTQTOSAM   [100%] 1 of 1 ✔
[41/d5b9fd] process > MOTHER:SAMTOBAM     [100%] 1 of 1 ✔
[d5/78e0c3] process > MOTHER:SORTEDBAM    [100%] 1 of 1 ✔
[56/c657a4] process > MOTHER:INDEXEDBAM   [100%] 1 of 1 ✔
[d0/c25779] process > MOTHER:DEEPVARIANT  [  0%] 0 of 1
[96/495dc1] process > FATHER:FASTQTOSAM   [100%] 1 of 1 ✔
[40/fe7786] process > FATHER:SAMTOBAM     [100%] 1 of 1 ✔
[db/501c6f] process > FATHER:SORTEDBAM    [100%] 1 of 1 ✔
[22/fe27df] process > FATHER:INDEXEDBAM   [100%] 1 of 1 ✔
[0e/1dd5ff] process > FATHER:DEEPVARIANT  [  0%] 0 of 1
[-        ] process > GLNEXUS             -
[-        ] process > GLNEXUS2            -
[-        ] process > EXOMISER            -

executor >  slurm (15)
[de/c67d74] process > PROBAND:FASTQTOSAM  [100%] 1 of 1 ✔
[b8/4c66f7] process > PROBAND:SAMTOBAM    [100%] 1 of 1 ✔
[b8/ca588d] process > PROBAND:SORTEDBAM   [100%] 1 of 1 ✔
[00/143a54] process > PROBAND:INDEXEDBAM  [100%] 1 of 1 ✔
[f2/d11914] process > PROBAND:DEEPVARIANT [  0%] 0 of 1
[18/f292e1] process > MOTHER:FASTQTOSAM   [100%] 1 of 1 ✔
[41/d5b9fd] process > MOTHER:SAMTOBAM     [100%] 1 of 1 ✔
[d5/78e0c3] process > MOTHER:SORTEDBAM    [100%] 1 of 1 ✔
[56/c657a4] process > MOTHER:INDEXEDBAM   [100%] 1 of 1 ✔
[d0/c25779] process > MOTHER:DEEPVARIANT  [  0%] 0 of 1
[96/495dc1] process > FATHER:FASTQTOSAM   [100%] 1 of 1 ✔
[40/fe7786] process > FATHER:SAMTOBAM     [100%] 1 of 1 ✔
[db/501c6f] process > FATHER:SORTEDBAM    [100%] 1 of 1 ✔
[22/fe27df] process > FATHER:INDEXEDBAM   [100%] 1 of 1 ✔
[0e/1dd5ff] process > FATHER:DEEPVARIANT  [  0%] 0 of 1
[-        ] process > GLNEXUS             -
[-        ] process > GLNEXUS2            -
[-        ] process > EXOMISER            -

executor >  slurm (15)
[de/c67d74] process > PROBAND:FASTQTOSAM  [100%] 1 of 1 ✔
[b8/4c66f7] process > PROBAND:SAMTOBAM    [100%] 1 of 1 ✔
[b8/ca588d] process > PROBAND:SORTEDBAM   [100%] 1 of 1 ✔
[00/143a54] process > PROBAND:INDEXEDBAM  [100%] 1 of 1 ✔
[f2/d11914] process > PROBAND:DEEPVARIANT [100%] 1 of 1 ✔
[18/f292e1] process > MOTHER:FASTQTOSAM   [100%] 1 of 1 ✔
[41/d5b9fd] process > MOTHER:SAMTOBAM     [100%] 1 of 1 ✔
[d5/78e0c3] process > MOTHER:SORTEDBAM    [100%] 1 of 1 ✔
[56/c657a4] process > MOTHER:INDEXEDBAM   [100%] 1 of 1 ✔
[d0/c25779] process > MOTHER:DEEPVARIANT  [  0%] 0 of 1
[96/495dc1] process > FATHER:FASTQTOSAM   [100%] 1 of 1 ✔
[40/fe7786] process > FATHER:SAMTOBAM     [100%] 1 of 1 ✔
[db/501c6f] process > FATHER:SORTEDBAM    [100%] 1 of 1 ✔
[22/fe27df] process > FATHER:INDEXEDBAM   [100%] 1 of 1 ✔
[0e/1dd5ff] process > FATHER:DEEPVARIANT  [100%] 1 of 1 ✔
[-        ] process > GLNEXUS             -
[-        ] process > GLNEXUS2            -
[-        ] process > EXOMISER            -

executor >  slurm (16)
[de/c67d74] process > PROBAND:FASTQTOSAM  [100%] 1 of 1 ✔
[b8/4c66f7] process > PROBAND:SAMTOBAM    [100%] 1 of 1 ✔
[b8/ca588d] process > PROBAND:SORTEDBAM   [100%] 1 of 1 ✔
[00/143a54] process > PROBAND:INDEXEDBAM  [100%] 1 of 1 ✔
[f2/d11914] process > PROBAND:DEEPVARIANT [100%] 1 of 1 ✔
[18/f292e1] process > MOTHER:FASTQTOSAM   [100%] 1 of 1 ✔
[41/d5b9fd] process > MOTHER:SAMTOBAM     [100%] 1 of 1 ✔
[d5/78e0c3] process > MOTHER:SORTEDBAM    [100%] 1 of 1 ✔
[56/c657a4] process > MOTHER:INDEXEDBAM   [100%] 1 of 1 ✔
[d0/c25779] process > MOTHER:DEEPVARIANT  [100%] 1 of 1 ✔
[96/495dc1] process > FATHER:FASTQTOSAM   [100%] 1 of 1 ✔
[40/fe7786] process > FATHER:SAMTOBAM     [100%] 1 of 1 ✔
[db/501c6f] process > FATHER:SORTEDBAM    [100%] 1 of 1 ✔
[22/fe27df] process > FATHER:INDEXEDBAM   [100%] 1 of 1 ✔
[0e/1dd5ff] process > FATHER:DEEPVARIANT  [100%] 1 of 1 ✔
[0f/381758] process > GLNEXUS             [  0%] 0 of 1
[-        ] process > GLNEXUS2            -
[-        ] process > EXOMISER            -

executor >  slurm (17)
[de/c67d74] process > PROBAND:FASTQTOSAM  [100%] 1 of 1 ✔
[b8/4c66f7] process > PROBAND:SAMTOBAM    [100%] 1 of 1 ✔
[b8/ca588d] process > PROBAND:SORTEDBAM   [100%] 1 of 1 ✔
[00/143a54] process > PROBAND:INDEXEDBAM  [100%] 1 of 1 ✔
[f2/d11914] process > PROBAND:DEEPVARIANT [100%] 1 of 1 ✔
[18/f292e1] process > MOTHER:FASTQTOSAM   [100%] 1 of 1 ✔
[41/d5b9fd] process > MOTHER:SAMTOBAM     [100%] 1 of 1 ✔
[d5/78e0c3] process > MOTHER:SORTEDBAM    [100%] 1 of 1 ✔
[56/c657a4] process > MOTHER:INDEXEDBAM   [100%] 1 of 1 ✔
[d0/c25779] process > MOTHER:DEEPVARIANT  [100%] 1 of 1 ✔
[96/495dc1] process > FATHER:FASTQTOSAM   [100%] 1 of 1 ✔
[40/fe7786] process > FATHER:SAMTOBAM     [100%] 1 of 1 ✔
[db/501c6f] process > FATHER:SORTEDBAM    [100%] 1 of 1 ✔
[22/fe27df] process > FATHER:INDEXEDBAM   [100%] 1 of 1 ✔
[0e/1dd5ff] process > FATHER:DEEPVARIANT  [100%] 1 of 1 ✔
[0f/381758] process > GLNEXUS             [100%] 1 of 1 ✔
[9e/ca3874] process > GLNEXUS2            [  0%] 0 of 1
[-        ] process > EXOMISER            -

executor >  slurm (18)
[de/c67d74] process > PROBAND:FASTQTOSAM  [100%] 1 of 1 ✔
[b8/4c66f7] process > PROBAND:SAMTOBAM    [100%] 1 of 1 ✔
[b8/ca588d] process > PROBAND:SORTEDBAM   [100%] 1 of 1 ✔
[00/143a54] process > PROBAND:INDEXEDBAM  [100%] 1 of 1 ✔
[f2/d11914] process > PROBAND:DEEPVARIANT [100%] 1 of 1 ✔
[18/f292e1] process > MOTHER:FASTQTOSAM   [100%] 1 of 1 ✔
[41/d5b9fd] process > MOTHER:SAMTOBAM     [100%] 1 of 1 ✔
[d5/78e0c3] process > MOTHER:SORTEDBAM    [100%] 1 of 1 ✔
[56/c657a4] process > MOTHER:INDEXEDBAM   [100%] 1 of 1 ✔
[d0/c25779] process > MOTHER:DEEPVARIANT  [100%] 1 of 1 ✔
[96/495dc1] process > FATHER:FASTQTOSAM   [100%] 1 of 1 ✔
[40/fe7786] process > FATHER:SAMTOBAM     [100%] 1 of 1 ✔
[db/501c6f] process > FATHER:SORTEDBAM    [100%] 1 of 1 ✔
[22/fe27df] process > FATHER:INDEXEDBAM   [100%] 1 of 1 ✔
[0e/1dd5ff] process > FATHER:DEEPVARIANT  [100%] 1 of 1 ✔
[0f/381758] process > GLNEXUS             [100%] 1 of 1 ✔
[9e/ca3874] process > GLNEXUS2            [100%] 1 of 1 ✔
[d6/dc86f2] process > EXOMISER            [  0%] 0 of 1

executor >  slurm (18)
[de/c67d74] process > PROBAND:FASTQTOSAM  [100%] 1 of 1 ✔
[b8/4c66f7] process > PROBAND:SAMTOBAM    [100%] 1 of 1 ✔
[b8/ca588d] process > PROBAND:SORTEDBAM   [100%] 1 of 1 ✔
[00/143a54] process > PROBAND:INDEXEDBAM  [100%] 1 of 1 ✔
[f2/d11914] process > PROBAND:DEEPVARIANT [100%] 1 of 1 ✔
[18/f292e1] process > MOTHER:FASTQTOSAM   [100%] 1 of 1 ✔
[41/d5b9fd] process > MOTHER:SAMTOBAM     [100%] 1 of 1 ✔
[d5/78e0c3] process > MOTHER:SORTEDBAM    [100%] 1 of 1 ✔
[56/c657a4] process > MOTHER:INDEXEDBAM   [100%] 1 of 1 ✔
[d0/c25779] process > MOTHER:DEEPVARIANT  [100%] 1 of 1 ✔
[96/495dc1] process > FATHER:FASTQTOSAM   [100%] 1 of 1 ✔
[40/fe7786] process > FATHER:SAMTOBAM     [100%] 1 of 1 ✔
[db/501c6f] process > FATHER:SORTEDBAM    [100%] 1 of 1 ✔
[22/fe27df] process > FATHER:INDEXEDBAM   [100%] 1 of 1 ✔
[0e/1dd5ff] process > FATHER:DEEPVARIANT  [100%] 1 of 1 ✔
[0f/381758] process > GLNEXUS             [100%] 1 of 1 ✔
[9e/ca3874] process > GLNEXUS2            [100%] 1 of 1 ✔
[d6/dc86f2] process > EXOMISER            [  0%] 0 of 1

executor >  slurm (18)
[de/c67d74] process > PROBAND:FASTQTOSAM  [100%] 1 of 1 ✔
[b8/4c66f7] process > PROBAND:SAMTOBAM    [100%] 1 of 1 ✔
[b8/ca588d] process > PROBAND:SORTEDBAM   [100%] 1 of 1 ✔
[00/143a54] process > PROBAND:INDEXEDBAM  [100%] 1 of 1 ✔
[f2/d11914] process > PROBAND:DEEPVARIANT [100%] 1 of 1 ✔
[18/f292e1] process > MOTHER:FASTQTOSAM   [100%] 1 of 1 ✔
[41/d5b9fd] process > MOTHER:SAMTOBAM     [100%] 1 of 1 ✔
[d5/78e0c3] process > MOTHER:SORTEDBAM    [100%] 1 of 1 ✔
[56/c657a4] process > MOTHER:INDEXEDBAM   [100%] 1 of 1 ✔
[d0/c25779] process > MOTHER:DEEPVARIANT  [100%] 1 of 1 ✔
[96/495dc1] process > FATHER:FASTQTOSAM   [100%] 1 of 1 ✔
[40/fe7786] process > FATHER:SAMTOBAM     [100%] 1 of 1 ✔
[db/501c6f] process > FATHER:SORTEDBAM    [100%] 1 of 1 ✔
[22/fe27df] process > FATHER:INDEXEDBAM   [100%] 1 of 1 ✔
[0e/1dd5ff] process > FATHER:DEEPVARIANT  [100%] 1 of 1 ✔
[0f/381758] process > GLNEXUS             [100%] 1 of 1 ✔
[9e/ca3874] process > GLNEXUS2            [100%] 1 of 1 ✔
[d6/dc86f2] process > EXOMISER            [100%] 1 of 1 ✔

executor >  slurm (18)
[de/c67d74] process > PROBAND:FASTQTOSAM  [100%] 1 of 1 ✔
[b8/4c66f7] process > PROBAND:SAMTOBAM    [100%] 1 of 1 ✔
[b8/ca588d] process > PROBAND:SORTEDBAM   [100%] 1 of 1 ✔
[00/143a54] process > PROBAND:INDEXEDBAM  [100%] 1 of 1 ✔
[f2/d11914] process > PROBAND:DEEPVARIANT [100%] 1 of 1 ✔
[18/f292e1] process > MOTHER:FASTQTOSAM   [100%] 1 of 1 ✔
[41/d5b9fd] process > MOTHER:SAMTOBAM     [100%] 1 of 1 ✔
[d5/78e0c3] process > MOTHER:SORTEDBAM    [100%] 1 of 1 ✔
[56/c657a4] process > MOTHER:INDEXEDBAM   [100%] 1 of 1 ✔
[d0/c25779] process > MOTHER:DEEPVARIANT  [100%] 1 of 1 ✔
[96/495dc1] process > FATHER:FASTQTOSAM   [100%] 1 of 1 ✔
[40/fe7786] process > FATHER:SAMTOBAM     [100%] 1 of 1 ✔
[db/501c6f] process > FATHER:SORTEDBAM    [100%] 1 of 1 ✔
[22/fe27df] process > FATHER:INDEXEDBAM   [100%] 1 of 1 ✔
[0e/1dd5ff] process > FATHER:DEEPVARIANT  [100%] 1 of 1 ✔
[0f/381758] process > GLNEXUS             [100%] 1 of 1 ✔
[9e/ca3874] process > GLNEXUS2            [100%] 1 of 1 ✔
[d6/dc86f2] process > EXOMISER            [100%] 1 of 1 ✔
Completed at: 10-Jul-2023 20:34:17
Duration    : 8m 37s
CPU hours   : 0.3
Succeeded   : 18


